d:\programming learning\c++\opengl learning\opengl learning\opengl learning\x64\debug\vc142.pdb
d:\programming learning\c++\opengl learning\opengl learning\opengl learning\x64\debug\vc142.idb
d:\programming learning\c++\opengl learning\opengl learning\opengl learning\x64\debug\vertexbuffer.obj
d:\programming learning\c++\opengl learning\opengl learning\opengl learning\x64\debug\renderer.obj
d:\programming learning\c++\opengl learning\opengl learning\opengl learning\x64\debug\indexbuffer.obj
d:\programming learning\c++\opengl learning\opengl learning\opengl learning\x64\debug\application.obj
d:\programming learning\c++\opengl learning\opengl learning\opengl learning\x64\debug\vertexarray.obj
d:\programming learning\c++\opengl learning\opengl learning\opengl learning\x64\debug\shader.obj
d:\programming learning\c++\opengl learning\opengl learning\opengl learning\x64\debug\texture.obj
d:\programming learning\c++\opengl learning\opengl learning\opengl learning\x64\debug\stb_image.obj
d:\programming learning\c++\opengl learning\opengl learning\opengl learning\x64\debug\glm.obj
d:\programming learning\c++\opengl learning\opengl learning\opengl learning\x64\debug\imgui_widgets.obj
d:\programming learning\c++\opengl learning\opengl learning\opengl learning\x64\debug\imgui_draw.obj
d:\programming learning\c++\opengl learning\opengl learning\opengl learning\x64\debug\imgui_demo.obj
d:\programming learning\c++\opengl learning\opengl learning\opengl learning\x64\debug\imgui.obj
d:\programming learning\c++\opengl learning\opengl learning\opengl learning\x64\debug\imgui_impl_glfw.obj
d:\programming learning\c++\opengl learning\opengl learning\opengl learning\x64\debug\imgui_impl_opengl3.obj
d:\programming learning\c++\opengl learning\opengl learning\x64\debug\opengl learning.exe
d:\programming learning\c++\opengl learning\opengl learning\x64\debug\opengl learning.ilk
d:\programming learning\c++\opengl learning\opengl learning\x64\debug\opengl learning.pdb
d:\programming learning\c++\opengl learning\opengl learning\opengl learning\x64\debug\opengl learning.tlog\cl.command.1.tlog
d:\programming learning\c++\opengl learning\opengl learning\opengl learning\x64\debug\opengl learning.tlog\cl.read.1.tlog
d:\programming learning\c++\opengl learning\opengl learning\opengl learning\x64\debug\opengl learning.tlog\cl.write.1.tlog
d:\programming learning\c++\opengl learning\opengl learning\opengl learning\x64\debug\opengl learning.tlog\link.command.1.tlog
d:\programming learning\c++\opengl learning\opengl learning\opengl learning\x64\debug\opengl learning.tlog\link.read.1.tlog
d:\programming learning\c++\opengl learning\opengl learning\opengl learning\x64\debug\opengl learning.tlog\link.write.1.tlog
